<?xml version="1.0" encoding="UTF-8"?>
<testng-results skipped="0" failed="0" total="1" passed="1">
  <reporter-output>
    <line>
      <![CDATA[no of rows are::6  no of columns are::4]]>
    </line>
    <line>
      <![CDATA[Emp Failed]]>
    </line>
    <line>
      <![CDATA[Emp Created]]>
    </line>
    <line>
      <![CDATA[Emp Created]]>
    </line>
    <line>
      <![CDATA[Emp Created]]>
    </line>
    <line>
      <![CDATA[Emp Created]]>
    </line>
    <line>
      <![CDATA[Emp Failed]]>
    </line>
  </reporter-output>
  <suite name="Default suite" duration-ms="213936" started-at="2019-11-09T07:10:45Z" finished-at="2019-11-09T07:14:19Z">
    <groups>
    </groups>
    <test name="Default test" duration-ms="213936" started-at="2019-11-09T07:10:45Z" finished-at="2019-11-09T07:14:19Z">
      <class name="DriverFactory.PomDriverScript">
        <test-method status="PASS" signature="setup()[pri:0, instance:DriverFactory.PomDriverScript@11531931]" name="setup" is-config="true" duration-ms="18928" started-at="2019-11-09T12:40:45Z" finished-at="2019-11-09T12:41:04Z">
          <reporter-output>
          </reporter-output>
        </test-method> <!-- setup -->
        <test-method status="PASS" signature="empcreation()[pri:0, instance:DriverFactory.PomDriverScript@11531931]" name="empcreation" duration-ms="180823" started-at="2019-11-09T12:41:04Z" finished-at="2019-11-09T12:44:05Z">
          <reporter-output>
            <line>
              <![CDATA[no of rows are::6  no of columns are::4]]>
            </line>
            <line>
              <![CDATA[Emp Failed]]>
            </line>
            <line>
              <![CDATA[Emp Created]]>
            </line>
            <line>
              <![CDATA[Emp Created]]>
            </line>
            <line>
              <![CDATA[Emp Created]]>
            </line>
            <line>
              <![CDATA[Emp Created]]>
            </line>
            <line>
              <![CDATA[Emp Failed]]>
            </line>
          </reporter-output>
        </test-method> <!-- empcreation -->
        <test-method status="PASS" signature="teardown()[pri:0, instance:DriverFactory.PomDriverScript@11531931]" name="teardown" is-config="true" duration-ms="14142" started-at="2019-11-09T12:44:05Z" finished-at="2019-11-09T12:44:19Z">
          <reporter-output>
          </reporter-output>
        </test-method> <!-- teardown -->
      </class> <!-- DriverFactory.PomDriverScript -->
    </test> <!-- Default test -->
  </suite> <!-- Default suite -->
</testng-results>
